<?xml version="1.0" encoding="UTF-8" ?>
<testsuite errors="0" failures="1" hostname="haidong-ThinkPad-W520" name="autograder.BlankBoardTest" skipped="0" tests="1" time="0.125" timestamp="2017-04-24T04:13:00">
  <properties>
[...]
</properties>
  <testcase classname="autograder.BlankBoardTest" name="testBlankBoard" time="0.07">
    <failure message="expected:&lt;- - - - - - - - - -[]&gt; but was:&lt;- - - - - - - - - -[%n- - - - - - - - - -%n- - - - - - - - - -%n- - - - - - - - - -%n- - - - - - - - - -%n- - - - - - - - - -%n- - - - - - - - - -%n- - - - - - - - - -%n- - - - - - - - - -%n- - - - - - - - - -%n]&gt;" type="junit.framework.AssertionFailedError">junit.framework.AssertionFailedError: expected:&lt;- - - - - - - - - -[]&gt; but was:&lt;- - - - - - - - - -[%n- - - - - - - - - -%n- - - - - - - - - -%n- - - - - - - - - -%n- - - - - - - - - -%n- - - - - - - - - -%n- - - - - - - - - -%n- - - - - - - - - -%n- - - - - - - - - -%n- - - - - - - - - -%n]&gt;
	at autograder.BlankBoardTest.testBlankBoard(BlankBoardTest.java:32)
	at java.util.concurrent.FutureTask.run(FutureTask.java:266)
	at java.lang.Thread.run(Thread.java:745)
</failure>
  </testcase>
  <system-out><![CDATA[]]></system-out>
  <system-err><![CDATA[]]></system-err>
</testsuite>
