<?xml version="1.0" encoding="UTF-8" ?>
<testsuite errors="0" failures="1" hostname="haidong-ThinkPad-W520" name="autograder.MinesweeperSystemTest" skipped="0" tests="1" time="4.145" timestamp="2017-04-24T04:13:09">
  <properties>
[...]
</properties>
  <testcase classname="autograder.MinesweeperSystemTest" name="systemTest" time="4.092">
    <failure message="expected:&lt;- [F - - - F]&gt; but was:&lt;- [- - 2 1 -%nF - F 3 1 1%n- - - 3    %n- - - 3    %n- - - 3    %n- - - 2    %n]&gt;" type="junit.framework.AssertionFailedError">junit.framework.AssertionFailedError: expected:&lt;- [F - - - F]&gt; but was:&lt;- [- - 2 1 -%nF - F 3 1 1%n- - - 3    %n- - - 3    %n- - - 3    %n- - - 2    %n]&gt;
	at autograder.MinesweeperSystemTest.systemTest(MinesweeperSystemTest.java:165)
	at java.util.concurrent.FutureTask.run(FutureTask.java:266)
	at java.lang.Thread.run(Thread.java:745)
</failure>
  </testcase>
  <system-out><![CDATA[]]></system-out>
  <system-err><![CDATA[java.net.SocketTimeoutException: Read timed out
	at java.net.SocketInputStream.socketRead0(Native Method)
	at java.net.SocketInputStream.socketRead(SocketInputStream.java:116)
	at java.net.SocketInputStream.read(SocketInputStream.java:171)
	at java.net.SocketInputStream.read(SocketInputStream.java:141)
	at sun.nio.cs.StreamDecoder.readBytes(StreamDecoder.java:284)
	at sun.nio.cs.StreamDecoder.implRead(StreamDecoder.java:326)
	at sun.nio.cs.StreamDecoder.read(StreamDecoder.java:178)
	at java.io.InputStreamReader.read(InputStreamReader.java:184)
	at java.io.BufferedReader.fill(BufferedReader.java:161)
	at java.io.BufferedReader.readLine(BufferedReader.java:324)
	at java.io.BufferedReader.readLine(BufferedReader.java:389)
	at autograder.MinesweeperSystemTest.read6Lines(MinesweeperSystemTest.java:17)
	at autograder.MinesweeperSystemTest.access$000(MinesweeperSystemTest.java:13)
	at autograder.MinesweeperSystemTest$3.run(MinesweeperSystemTest.java:128)
	at java.lang.Thread.run(Thread.java:745)
java.net.SocketTimeoutException: Read timed out
	at java.net.SocketInputStream.socketRead0(Native Method)
	at java.net.SocketInputStream.socketRead(SocketInputStream.java:116)
	at java.net.SocketInputStream.read(SocketInputStream.java:171)
	at java.net.SocketInputStream.read(SocketInputStream.java:141)
	at sun.nio.cs.StreamDecoder.readBytes(StreamDecoder.java:284)
	at sun.nio.cs.StreamDecoder.implRead(StreamDecoder.java:326)
	at sun.nio.cs.StreamDecoder.read(StreamDecoder.java:178)
	at java.io.InputStreamReader.read(InputStreamReader.java:184)
	at java.io.BufferedReader.fill(BufferedReader.java:161)
	at java.io.BufferedReader.readLine(BufferedReader.java:324)
	at java.io.BufferedReader.readLine(BufferedReader.java:389)
	at autograder.MinesweeperSystemTest.read6Lines(MinesweeperSystemTest.java:17)
	at autograder.MinesweeperSystemTest.access$000(MinesweeperSystemTest.java:13)
	at autograder.MinesweeperSystemTest$1.run(MinesweeperSystemTest.java:69)
	at java.lang.Thread.run(Thread.java:745)
java.net.SocketTimeoutException: Read timed out
	at java.net.SocketInputStream.socketRead0(Native Method)
	at java.net.SocketInputStream.socketRead(SocketInputStream.java:116)
	at java.net.SocketInputStream.read(SocketInputStream.java:171)
	at java.net.SocketInputStream.read(SocketInputStream.java:141)
	at sun.nio.cs.StreamDecoder.readBytes(StreamDecoder.java:284)
	at sun.nio.cs.StreamDecoder.implRead(StreamDecoder.java:326)
	at sun.nio.cs.StreamDecoder.read(StreamDecoder.java:178)
	at java.io.InputStreamReader.read(InputStreamReader.java:184)
	at java.io.BufferedReader.fill(BufferedReader.java:161)
	at java.io.BufferedReader.readLine(BufferedReader.java:324)
	at java.io.BufferedReader.readLine(BufferedReader.java:389)
	at autograder.MinesweeperSystemTest.read6Lines(MinesweeperSystemTest.java:17)
	at autograder.MinesweeperSystemTest.access$000(MinesweeperSystemTest.java:13)
	at autograder.MinesweeperSystemTest$2.run(MinesweeperSystemTest.java:98)
	at java.lang.Thread.run(Thread.java:745)
]]></system-err>
</testsuite>
